<Context path="/seed" debug="99" reloadable="true" antiJARLocking="true" antiResourceLocking="false">
      <Resource name="jdbc/seed" auth="Container" type="javax.sql.DataSource"
              maxActive="20" maxIdle="3" maxWait="10000"
              driverClassName="com.mysql.jdbc.Driver"
              username="seed" password="seed"
              url="jdbc:mysql://localhost/seed?createDatabaseIfNotExist=true&amp;amp;useUnicode=true&amp;amp;characterEncoding=utf-8&amp;amp;autoReconnect=true"
              defaultAutoCommit="true" removeAbandoned="true"
              removeAbandonedTimeout="1" logAbandoned="true"
			  validationQuery="SELECT 1 FROM dual" testOnBorrow="true"/>
</Context>